# JRE version: OpenJDK Runtime Environment (21.0.3) (build 21.0.3+-79915915-b509.11)
# Java VM: OpenJDK 64-Bit Server VM (21.0.3+-79915915-b509.11, mixed mode, tiered, compressed oops, compressed class ptrs, g1 gc, bsd-amd64)
GC Precious Log:
 CardTable entry size: 512
 Card Set container configuration: InlinePtr #cards 5 size 8 Array Of Cards #cards 12 size 40 Howl #buckets 4 coarsen threshold 1843 Howl Bitmap #cards 512 size 80 coarsen threshold 460 Card regions per heap region 1 cards per card region 2048
 CPUs: 8 total, 8 available
 Memory: 16384M
 Large Page Support: Disabled
 NUMA Support: Disabled
 Compressed Oops: Enabled (Zero based)
 Heap Region Size: 1M
 Heap Min Capacity: 8M
 Heap Initial Capacity: 256M
 Heap Max Capacity: 2G
 Pre-touch: Disabled
 Parallel Workers: 8
 Concurrent Workers: 2
 Concurrent Refinement Workers: 8
 Periodic GC: Disabled
Heap:
 garbage-first heap   total 134144K, used 84991K [0x0000000780000000, 0x0000000800000000)
  region size 1024K, 28 young (28672K), 5 survivors (5120K)
 Metaspace       used 59984K, committed 61248K, reserved 1114112K
  class space    used 8277K, committed 8896K, reserved 1048576K
GC Heap History (20 events):
Event: 16.558 GC heap before
{Heap before GC invocations=30 (full 0):
 garbage-first heap   total 111616K, used 101766K [0x0000000780000000, 0x0000000800000000)
  region size 1024K, 45 young (46080K), 3 survivors (3072K)
 Metaspace       used 59938K, committed 61248K, reserved 1114112K
  class space    used 8277K, committed 8896K, reserved 1048576K
}
Event: 16.562 GC heap after
{Heap after GC invocations=31 (full 0):
 garbage-first heap   total 111616K, used 58751K [0x0000000780000000, 0x0000000800000000)
  region size 1024K, 4 young (4096K), 4 survivors (4096K)
 Metaspace       used 59938K, committed 61248K, reserved 1114112K
  class space    used 8277K, committed 8896K, reserved 1048576K
}
Event: 16.756 GC heap before
{Heap before GC invocations=31 (full 0):
 garbage-first heap   total 111616K, used 99711K [0x0000000780000000, 0x0000000800000000)
  region size 1024K, 44 young (45056K), 4 survivors (4096K)
 Metaspace       used 59953K, committed 61248K, reserved 1114112K
  class space    used 8277K, committed 8896K, reserved 1048576K
}
Event: 16.758 GC heap after
{Heap after GC invocations=32 (full 0):
 garbage-first heap   total 134144K, used 59254K [0x0000000780000000, 0x0000000800000000)
  region size 1024K, 4 young (4096K), 4 survivors (4096K)
 Metaspace       used 59953K, committed 61248K, reserved 1114112K
  class space    used 8277K, committed 8896K, reserved 1048576K
}
Event: 17.193 GC heap before
{Heap before GC invocations=33 (full 0):
 garbage-first heap   total 134144K, used 120694K [0x0000000780000000, 0x0000000800000000)
  region size 1024K, 64 young (65536K), 4 survivors (4096K)
 Metaspace       used 59958K, committed 61248K, reserved 1114112K
  class space    used 8277K, committed 8896K, reserved 1048576K
}
Event: 17.196 GC heap after
{Heap after GC invocations=34 (full 0):
 garbage-first heap   total 134144K, used 59740K [0x0000000780000000, 0x0000000800000000)
  region size 1024K, 5 young (5120K), 5 survivors (5120K)
 Metaspace       used 59958K, committed 61248K, reserved 1114112K
  class space    used 8277K, committed 8896K, reserved 1048576K
}
Event: 17.531 GC heap before
{Heap before GC invocations=34 (full 0):
 garbage-first heap   total 134144K, used 119132K [0x0000000780000000, 0x0000000800000000)
  region size 1024K, 63 young (64512K), 5 survivors (5120K)
 Metaspace       used 59960K, committed 61248K, reserved 1114112K
  class space    used 8277K, committed 8896K, reserved 1048576K
}
Event: 17.534 GC heap after
{Heap after GC invocations=35 (full 0):
 garbage-first heap   total 134144K, used 60130K [0x0000000780000000, 0x0000000800000000)
  region size 1024K, 5 young (5120K), 5 survivors (5120K)
 Metaspace       used 59960K, committed 61248K, reserved 1114112K
  class space    used 8277K, committed 8896K, reserved 1048576K
}
Event: 17.864 GC heap before
{Heap before GC invocations=35 (full 0):
 garbage-first heap   total 134144K, used 119522K [0x0000000780000000, 0x0000000800000000)
  region size 1024K, 63 young (64512K), 5 survivors (5120K)
 Metaspace       used 59960K, committed 61248K, reserved 1114112K
  class space    used 8277K, committed 8896K, reserved 1048576K
}
Event: 17.867 GC heap after
{Heap after GC invocations=36 (full 0):
 garbage-first heap   total 134144K, used 60585K [0x0000000780000000, 0x0000000800000000)
  region size 1024K, 5 young (5120K), 5 survivors (5120K)
 Metaspace       used 59960K, committed 61248K, reserved 1114112K
  class space    used 8277K, committed 8896K, reserved 1048576K
}
Event: 18.269 GC heap before
{Heap before GC invocations=37 (full 0):
 garbage-first heap   total 134144K, used 119977K [0x0000000780000000, 0x0000000800000000)
  region size 1024K, 63 young (64512K), 5 survivors (5120K)
 Metaspace       used 59961K, committed 61248K, reserved 1114112K
  class space    used 8277K, committed 8896K, reserved 1048576K
}
Event: 18.271 GC heap after
{Heap after GC invocations=38 (full 0):
 garbage-first heap   total 134144K, used 60907K [0x0000000780000000, 0x0000000800000000)
  region size 1024K, 5 young (5120K), 5 survivors (5120K)
 Metaspace       used 59961K, committed 61248K, reserved 1114112K
  class space    used 8277K, committed 8896K, reserved 1048576K
}
Event: 18.593 GC heap before
{Heap before GC invocations=38 (full 0):
 garbage-first heap   total 134144K, used 120299K [0x0000000780000000, 0x0000000800000000)
  region size 1024K, 63 young (64512K), 5 survivors (5120K)
 Metaspace       used 59963K, committed 61248K, reserved 1114112K
  class space    used 8277K, committed 8896K, reserved 1048576K
}
Event: 18.598 GC heap after
{Heap after GC invocations=39 (full 0):
 garbage-first heap   total 134144K, used 61514K [0x0000000780000000, 0x0000000800000000)
  region size 1024K, 5 young (5120K), 5 survivors (5120K)
 Metaspace       used 59963K, committed 61248K, reserved 1114112K
  class space    used 8277K, committed 8896K, reserved 1048576K
}
Event: 18.685 GC heap before
{Heap before GC invocations=39 (full 0):
 garbage-first heap   total 134144K, used 72778K [0x0000000780000000, 0x0000000800000000)
  region size 1024K, 17 young (17408K), 5 survivors (5120K)
 Metaspace       used 59963K, committed 61248K, reserved 1114112K
  class space    used 8277K, committed 8896K, reserved 1048576K
}
Event: 18.690 GC heap after
{Heap after GC invocations=40 (full 0):
 garbage-first heap   total 134144K, used 61382K [0x0000000780000000, 0x0000000800000000)
  region size 1024K, 5 young (5120K), 5 survivors (5120K)
 Metaspace       used 59963K, committed 61248K, reserved 1114112K
  class space    used 8277K, committed 8896K, reserved 1048576K
}
Event: 19.028 GC heap before
{Heap before GC invocations=41 (full 0):
 garbage-first heap   total 134144K, used 121798K [0x0000000780000000, 0x0000000800000000)
  region size 1024K, 62 young (63488K), 5 survivors (5120K)
 Metaspace       used 59963K, committed 61248K, reserved 1114112K
  class space    used 8277K, committed 8896K, reserved 1048576K
}
Event: 19.031 GC heap after
{Heap after GC invocations=42 (full 0):
 garbage-first heap   total 134144K, used 62255K [0x0000000780000000, 0x0000000800000000)
  region size 1024K, 5 young (5120K), 5 survivors (5120K)
 Metaspace       used 59963K, committed 61248K, reserved 1114112K
  class space    used 8277K, committed 8896K, reserved 1048576K
}
Event: 19.253 GC heap before
{Heap before GC invocations=42 (full 0):
 garbage-first heap   total 134144K, used 120623K [0x0000000780000000, 0x0000000800000000)
  region size 1024K, 62 young (63488K), 5 survivors (5120K)
 Metaspace       used 59966K, committed 61248K, reserved 1114112K
  class space    used 8277K, committed 8896K, reserved 1048576K
}
Event: 19.261 GC heap after
{Heap after GC invocations=43 (full 0):
 garbage-first heap   total 134144K, used 62463K [0x0000000780000000, 0x0000000800000000)
  region size 1024K, 5 young (5120K), 5 survivors (5120K)
 Metaspace       used 59966K, committed 61248K, reserved 1114112K
  class space    used 8277K, committed 8896K, reserved 1048576K
}

